<?xml version="1.0" encoding="UTF-8"?>
<testsuite xmlns:xsi="http://www.w3.org/2001/XMLSchema-instance" xsi:noNamespaceSchemaLocation="https://maven.apache.org/surefire/maven-surefire-plugin/xsd/surefire-test-report.xsd" version="3.0.1" name="com.bnmit.AppTest" time="0.088" tests="5" errors="0" skipped="0" failures="0">
  <properties>
[...]
</properties>
  <testcase name="testDivByZero" classname="com.bnmit.AppTest" time="0.006"/>
  <testcase name="testAdd" classname="com.bnmit.AppTest" time="0.0"/>
  <testcase name="testDiv" classname="com.bnmit.AppTest" time="0.0"/>
  <testcase name="testMul" classname="com.bnmit.AppTest" time="0.0"/>
  <testcase name="testSub" classname="com.bnmit.AppTest" time="0.0"/>
</testsuite>